<?xml version="1.0" encoding="UTF-8"?>
<testng-results ignored="0" total="2" passed="2" failed="0" skipped="0">
  <reporter-output>
  </reporter-output>
  <suite started-at="2024-11-16T16:50:00 IST" name="Suite" finished-at="2024-11-16T16:50:44 IST" duration-ms="43711">
    <groups>
      <group name="Sanity">
        <method signature="TC_001_AccountRegistrationTest.verify_account_registration()[pri:0, instance:testCases.TC_001_AccountRegistrationTest@3daf7722]" name="verify_account_registration" class="testCases.TC_001_AccountRegistrationTest"/>
      </group> <!-- Sanity -->
      <group name="Regression">
        <method signature="TC_002_LoginTest.verify_login()[pri:0, instance:testCases.TC_002_LoginTest@558bdf1f]" name="verify_login" class="testCases.TC_002_LoginTest"/>
      </group> <!-- Regression -->
      <group name="master">
        <method signature="TC_001_AccountRegistrationTest.verify_account_registration()[pri:0, instance:testCases.TC_001_AccountRegistrationTest@3daf7722]" name="verify_account_registration" class="testCases.TC_001_AccountRegistrationTest"/>
        <method signature="TC_002_LoginTest.verify_login()[pri:0, instance:testCases.TC_002_LoginTest@558bdf1f]" name="verify_login" class="testCases.TC_002_LoginTest"/>
      </group> <!-- master -->
    </groups>
    <test started-at="2024-11-16T16:50:00 IST" name="Test" finished-at="2024-11-16T16:50:44 IST" duration-ms="43711">
      <class name="testCases.TC_001_AccountRegistrationTest">
        <test-method is-config="true" signature="Setup(java.lang.String,java.lang.String)[pri:0, instance:testCases.TC_001_AccountRegistrationTest@3daf7722]" started-at="2024-11-16T16:50:17 IST" name="Setup" finished-at="2024-11-16T16:50:24 IST" duration-ms="6964" status="PASS">
          <params>
            <param index="0">
              <value>
                <![CDATA[chrome]]>
              </value>
            </param>
            <param index="1">
              <value>
                <![CDATA[windows]]>
              </value>
            </param>
          </params>
          <reporter-output>
          </reporter-output>
        </test-method> <!-- Setup -->
        <test-method signature="verify_account_registration()[pri:0, instance:testCases.TC_001_AccountRegistrationTest@3daf7722]" started-at="2024-11-16T16:50:24 IST" name="verify_account_registration" finished-at="2024-11-16T16:50:43 IST" duration-ms="19665" status="PASS">
          <reporter-output>
          </reporter-output>
        </test-method> <!-- verify_account_registration -->
        <test-method is-config="true" signature="teardown()[pri:0, instance:testCases.TC_001_AccountRegistrationTest@3daf7722]" started-at="2024-11-16T16:50:43 IST" name="teardown" finished-at="2024-11-16T16:50:44 IST" duration-ms="367" status="PASS">
          <reporter-output>
          </reporter-output>
        </test-method> <!-- teardown -->
      </class> <!-- testCases.TC_001_AccountRegistrationTest -->
      <class name="testCases.TC_002_LoginTest">
        <test-method is-config="true" signature="Setup(java.lang.String,java.lang.String)[pri:0, instance:testCases.TC_002_LoginTest@558bdf1f]" started-at="2024-11-16T16:50:01 IST" name="Setup" finished-at="2024-11-16T16:50:13 IST" duration-ms="12243" status="PASS">
          <params>
            <param index="0">
              <value>
                <![CDATA[chrome]]>
              </value>
            </param>
            <param index="1">
              <value>
                <![CDATA[windows]]>
              </value>
            </param>
          </params>
          <reporter-output>
          </reporter-output>
        </test-method> <!-- Setup -->
        <test-method signature="verify_login()[pri:0, instance:testCases.TC_002_LoginTest@558bdf1f]" started-at="2024-11-16T16:50:13 IST" name="verify_login" finished-at="2024-11-16T16:50:16 IST" duration-ms="3590" status="PASS">
          <reporter-output>
          </reporter-output>
        </test-method> <!-- verify_login -->
        <test-method is-config="true" signature="teardown()[pri:0, instance:testCases.TC_002_LoginTest@558bdf1f]" started-at="2024-11-16T16:50:16 IST" name="teardown" finished-at="2024-11-16T16:50:17 IST" duration-ms="308" status="PASS">
          <reporter-output>
          </reporter-output>
        </test-method> <!-- teardown -->
      </class> <!-- testCases.TC_002_LoginTest -->
    </test> <!-- Test -->
  </suite> <!-- Suite -->
</testng-results>
